
  .   ____          _            __ _ _
 /\\ / ___'_ __ _ _(_)_ __  __ _ \ \ \ \
( ( )\___ | '_ | '_| | '_ \/ _` | \ \ \ \
 \\/  ___)| |_)| | | | | || (_| |  ) ) ) )
  '  |____| .__|_| |_|_| |_\__, | / / / /
 =========|_|==============|___/=/_/_/_/

 :: Spring Boot ::                (v3.3.5)

2026-06-14T21:53:49.075+08:00  INFO 19220 --- [novel-rank] [           main] com.novel.rank.NovelRankApplication      : Starting NovelRankApplication v1.0.0 using Java 26.0.1 with PID 19220 (E:\gitWork\javaWebWork\javaWebWork\backend\target\app.jar started by ltt in E:\gitWork\javaWebWork\javaWebWork\backend)
2026-06-14T21:53:49.078+08:00 DEBUG 19220 --- [novel-rank] [           main] com.novel.rank.NovelRankApplication      : Running with Spring Boot v3.3.5, Spring v6.1.14
2026-06-14T21:53:49.079+08:00  INFO 19220 --- [novel-rank] [           main] com.novel.rank.NovelRankApplication      : The following 1 profile is active: "dev"
2026-06-14T21:53:50.564+08:00  INFO 19220 --- [novel-rank] [           main] o.s.b.w.embedded.tomcat.TomcatWebServer  : Tomcat initialized with port 8080 (http)
2026-06-14T21:53:51.991+08:00  INFO 19220 --- [novel-rank] [           main] o.apache.catalina.core.StandardService   : Starting service [Tomcat]
2026-06-14T21:53:52.490+08:00  INFO 19220 --- [novel-rank] [           main] o.apache.catalina.core.StandardEngine    : Starting Servlet engine: [Apache Tomcat/10.1.31]
2026-06-14T21:53:52.544+08:00  INFO 19220 --- [novel-rank] [           main] o.a.c.c.C.[Tomcat].[localhost].[/]       : Initializing Spring embedded WebApplicationContext
2026-06-14T21:53:52.545+08:00  INFO 19220 --- [novel-rank] [           main] w.s.c.ServletWebServerApplicationContext : Root WebApplicationContext: initialization completed in 3409 ms
2026-06-14T21:53:52.632+08:00 DEBUG 19220 --- [novel-rank] [           main] c.n.r.security.JwtAuthenticationFilter   : Filter 'jwtAuthenticationFilter' configured for use
Logging initialized using 'class org.apache.ibatis.logging.stdout.StdOutImpl' adapter.
Initialization Sequence datacenterId:6 workerId:18
 _ _   |_  _ _|_. ___ _ |    _ 
| | |\/|_)(_| | |_\  |_)||_|_\ 
     /               |         
                        3.5.5 
2026-06-14T21:53:53.452+08:00  WARN 19220 --- [novel-rank] [           main] .s.s.UserDetailsServiceAutoConfiguration : 

Using generated security password: f091924b-05bf-437e-91df-f145ce618760

This generated password is for development use only. Your security configuration must be updated before running your application in production.

2026-06-14T21:53:53.461+08:00  INFO 19220 --- [novel-rank] [           main] r$InitializeUserDetailsManagerConfigurer : Global AuthenticationManager configured with UserDetailsService bean with name inMemoryUserDetailsManager
2026-06-14T21:53:54.099+08:00  INFO 19220 --- [novel-rank] [           main] o.s.b.w.embedded.tomcat.TomcatWebServer  : Tomcat started on port 8080 (http) with context path '/'
2026-06-14T21:53:54.110+08:00  INFO 19220 --- [novel-rank] [           main] com.novel.rank.NovelRankApplication      : Started NovelRankApplication in 5.52 seconds (process running for 6.177)
2026-06-14T21:54:15.304+08:00  INFO 19220 --- [novel-rank] [nio-8080-exec-1] o.a.c.c.C.[Tomcat].[localhost].[/]       : Initializing Spring DispatcherServlet 'dispatcherServlet'
2026-06-14T21:54:15.305+08:00  INFO 19220 --- [novel-rank] [nio-8080-exec-1] o.s.web.servlet.DispatcherServlet        : Initializing Servlet 'dispatcherServlet'
2026-06-14T21:54:15.308+08:00  INFO 19220 --- [novel-rank] [nio-8080-exec-1] o.s.web.servlet.DispatcherServlet        : Completed initialization in 1 ms
Creating a new SqlSession
SqlSession [org.apache.ibatis.session.defaults.DefaultSqlSession@7db0ee49] was not registered for synchronization because synchronization is not active
2026-06-14T21:54:15.379+08:00  INFO 19220 --- [novel-rank] [nio-8080-exec-1] com.zaxxer.hikari.HikariDataSource       : HikariPool-1 - Starting...
2026-06-14T21:54:15.565+08:00  INFO 19220 --- [novel-rank] [nio-8080-exec-1] com.zaxxer.hikari.pool.HikariPool        : HikariPool-1 - Added connection com.mysql.cj.jdbc.ConnectionImpl@e84c4b0
2026-06-14T21:54:15.569+08:00  INFO 19220 --- [novel-rank] [nio-8080-exec-1] com.zaxxer.hikari.HikariDataSource       : HikariPool-1 - Start completed.
JDBC Connection [HikariProxyConnection@1874783477 wrapping com.mysql.cj.jdbc.ConnectionImpl@e84c4b0] will not be managed by Spring
==>  Preparing: SELECT n.id AS id, s.code AS siteCode, s.name AS siteName, n.title AS title, n.author AS author, n.category AS category, n.cover_url AS coverUrl, n.novel_url AS novelUrl, n.word_count AS wordCount, n.status AS status, -- IFNULL ±ŁÖ¤ NULL ×Ö¶ÎŇ˛·µ»Ř key(żŐ×Ö·ű´®),Ç°¶ËÎŢĐčżÉŃˇÁ´ IFNULL(n.description, '') AS description, IFNULL(n.tags, '') AS tags, n.first_seen AS firstSeen, n.last_crawl_time AS lastCrawlTime FROM novel n JOIN site s ON n.site_id = s.id WHERE n.id = ?
==> Parameters: 1(Long)
<==    Columns: id, siteCode, siteName, title, author, category, coverUrl, novelUrl, wordCount, status, description, tags, firstSeen, lastCrawlTime
<==        Row: 1, qidian, ?????, ´ó·î´ň¸üČË, Âô±¨ĐˇŔÉľý, ĎÉĎŔ, https://bookcover.yuewen.com/qdbimg/349573/1011455949/180, , 3800000, completed, <<BLOB>>, Đţ»Ă,´©Ô˝,ĎµÍł,ÎŢµĐÁ÷,Áú°ÁĚě, 2026-06-14 20:58:51.358, 2026-06-14 20:58:51.358
<==      Total: 1
Closing non transactional SqlSession [org.apache.ibatis.session.defaults.DefaultSqlSession@7db0ee49]
Creating a new SqlSession
SqlSession [org.apache.ibatis.session.defaults.DefaultSqlSession@5ff24d48] was not registered for synchronization because synchronization is not active
JDBC Connection [HikariProxyConnection@439462827 wrapping com.mysql.cj.jdbc.ConnectionImpl@e84c4b0] will not be managed by Spring
==>  Preparing: SELECT id,code,name,sort_order FROM category ORDER BY sort_order ASC
==> Parameters: 
<==    Columns: id, code, name, sort_order
<==        Row: 1, xuanhuan, ??, 1
<==        Row: 2, dushi, ??, 2
<==        Row: 3, xianxia, ??, 3
<==        Row: 4, kehuan, ??, 4
<==        Row: 5, lishi, ??, 5
<==        Row: 6, junshi, ??, 6
<==        Row: 7, youxi, ??, 7
<==        Row: 8, tiyu, ??, 8
<==        Row: 9, xiaoyuan, ??, 9
<==        Row: 10, qihuan, ??, 10
<==        Row: 11, yanqing, ??, 11
<==        Row: 12, xuanyi, ??, 12
<==        Row: 13, kongbu, ??, 13
<==        Row: 14, mingzhu, ??, 14
<==        Row: 15, qita, ??, 99
<==      Total: 15
Closing non transactional SqlSession [org.apache.ibatis.session.defaults.DefaultSqlSession@5ff24d48]
Creating a new SqlSession
SqlSession [org.apache.ibatis.session.defaults.DefaultSqlSession@3c55cafd] was not registered for synchronization because synchronization is not active
JDBC Connection [HikariProxyConnection@979299281 wrapping com.mysql.cj.jdbc.ConnectionImpl@e84c4b0] will not be managed by Spring
==>  Preparing: SELECT id,code,name,description FROM ranking_type ORDER BY id ASC
==> Parameters: 
<==    Columns: id, code, name, description
<==        Row: 1, daily, ??, ??????
<==        Row: 2, monthly, ??, ??????
<==        Row: 3, category, ???, ????????
<==        Row: 4, total, ??, ?????
<==        Row: 5, all, ????, ?????? daily/monthly/total ????
<==      Total: 5
Closing non transactional SqlSession [org.apache.ibatis.session.defaults.DefaultSqlSession@3c55cafd]
Creating a new SqlSession
SqlSession [org.apache.ibatis.session.defaults.DefaultSqlSession@72d80f77] was not registered for synchronization because synchronization is not active
JDBC Connection [HikariProxyConnection@814241460 wrapping com.mysql.cj.jdbc.ConnectionImpl@e84c4b0] will not be managed by Spring
==>  Preparing: SELECT COUNT(*) FROM v_latest_rank_snapshot r JOIN novel n ON r.novel_id = n.id WHERE r.ranking_type = ? AND r.site_id = (SELECT id FROM site WHERE code = ?) AND COALESCE(r.category, n.category) = ?
==> Parameters: daily(String), qidian(String), Ćć»Ă(String)
<==    Columns: COUNT(*)
<==        Row: 1
<==      Total: 1
Closing non transactional SqlSession [org.apache.ibatis.session.defaults.DefaultSqlSession@72d80f77]
Creating a new SqlSession
SqlSession [org.apache.ibatis.session.defaults.DefaultSqlSession@213c6d51] was not registered for synchronization because synchronization is not active
JDBC Connection [HikariProxyConnection@195009259 wrapping com.mysql.cj.jdbc.ConnectionImpl@e84c4b0] will not be managed by Spring
==>  Preparing: SELECT r.`rank` AS `rank`, n.id AS novelId, n.title AS title, n.author AS author, n.category AS category, n.cover_url AS coverUrl, n.novel_url AS novelUrl, n.word_count AS wordCount, n.status AS status, r.view_count AS viewCount, r.rec_count AS recCount, r.crawl_time AS crawlTime FROM v_latest_rank_snapshot r JOIN novel n ON r.novel_id = n.id WHERE r.ranking_type = ? AND r.site_id = (SELECT id FROM site WHERE code = ?) AND COALESCE(r.category, n.category) = ? ORDER BY r.`rank` ASC LIMIT ?, ?
==> Parameters: daily(String), qidian(String), Ćć»Ă(String), 0(Long), 20(Long)
<==    Columns: rank, novelId, title, author, category, coverUrl, novelUrl, wordCount, status, viewCount, recCount, crawlTime
<==        Row: 3, 3, ąîĂŘÖ®Ö÷, °®Ç±Ë®µÄÎÚÔô, Ćć»Ă, https://bookcover.yuewen.com/qdbimg/349573/1037155234/180, , 4470000, completed, 261000000, 0, 2026-06-14 20:58:51.363
<==      Total: 1
Closing non transactional SqlSession [org.apache.ibatis.session.defaults.DefaultSqlSession@213c6d51]
