2026-06-14 11:32:06,573 [INFO] dispatcher: dispatcher started, worker_id=worker-22336-5bf31b
2026-06-14 11:32:06,574 [INFO] crawler: crawler started, scheduler + dispatcher running
2026-06-14 11:32:06,649 [INFO] apscheduler.scheduler: Adding job tentatively -- it will be properly scheduled when the scheduler starts
2026-06-14 11:32:06,649 [INFO] scheduler: ̉Ñ×¢²á¶¨Ê±ÈÎÎñ: Ă¿̀́ 08:00
2026-06-14 11:32:06,650 [INFO] apscheduler.scheduler: Adding job tentatively -- it will be properly scheduled when the scheduler starts
2026-06-14 11:32:06,650 [INFO] scheduler: ̉Ñ×¢²á¶¨Ê±ÈÎÎñ: Ă¿̀́ 14:00
2026-06-14 11:32:06,651 [INFO] apscheduler.scheduler: Adding job tentatively -- it will be properly scheduled when the scheduler starts
2026-06-14 11:32:06,651 [INFO] scheduler: ̉Ñ×¢²á¶¨Ê±ÈÎÎñ: Ă¿̀́ 20:00
2026-06-14 11:32:06,653 [INFO] apscheduler.scheduler: Adding job tentatively -- it will be properly scheduled when the scheduler starts
2026-06-14 11:32:06,655 [INFO] apscheduler.scheduler: Added job "CrawlScheduler._trigger_scheduled" to job store "default"
2026-06-14 11:32:06,655 [INFO] apscheduler.scheduler: Added job "CrawlScheduler._trigger_scheduled" to job store "default"
2026-06-14 11:32:06,656 [INFO] apscheduler.scheduler: Added job "CrawlScheduler._trigger_scheduled" to job store "default"
2026-06-14 11:32:06,656 [INFO] apscheduler.scheduler: Added job "CrawlScheduler._reload_config" to job store "default"
2026-06-14 11:32:06,656 [INFO] apscheduler.scheduler: Scheduler started
2026-06-14 11:32:06,657 [INFO] scheduler: scheduler started, jobs: ['sched-08:00', 'sched-14:00', 'sched-20:00']
2026-06-14 11:37:06,655 [INFO] apscheduler.executors.default: Running job "CrawlScheduler._reload_config (trigger: interval[0:05:00], next run at: 2026-06-14 11:37:06 CST)" (scheduled at 2026-06-14 11:37:06.653444+08:00)
2026-06-14 11:37:06,659 [INFO] apscheduler.executors.default: Job "CrawlScheduler._reload_config (trigger: interval[0:05:00], next run at: 2026-06-14 11:42:06 CST)" executed successfully
2026-06-14 11:42:06,662 [INFO] apscheduler.executors.default: Running job "CrawlScheduler._reload_config (trigger: interval[0:05:00], next run at: 2026-06-14 11:47:06 CST)" (scheduled at 2026-06-14 11:42:06.653444+08:00)
2026-06-14 11:42:06,666 [INFO] apscheduler.executors.default: Job "CrawlScheduler._reload_config (trigger: interval[0:05:00], next run at: 2026-06-14 11:47:06 CST)" executed successfully
2026-06-14 11:47:06,665 [INFO] apscheduler.executors.default: Running job "CrawlScheduler._reload_config (trigger: interval[0:05:00], next run at: 2026-06-14 11:52:06 CST)" (scheduled at 2026-06-14 11:47:06.653444+08:00)
2026-06-14 11:47:06,669 [INFO] apscheduler.executors.default: Job "CrawlScheduler._reload_config (trigger: interval[0:05:00], next run at: 2026-06-14 11:52:06 CST)" executed successfully
2026-06-14 11:52:06,658 [INFO] apscheduler.executors.default: Running job "CrawlScheduler._reload_config (trigger: interval[0:05:00], next run at: 2026-06-14 11:57:06 CST)" (scheduled at 2026-06-14 11:52:06.653444+08:00)
2026-06-14 11:52:06,662 [INFO] apscheduler.executors.default: Job "CrawlScheduler._reload_config (trigger: interval[0:05:00], next run at: 2026-06-14 11:57:06 CST)" executed successfully
2026-06-14 11:57:06,661 [INFO] apscheduler.executors.default: Running job "CrawlScheduler._reload_config (trigger: interval[0:05:00], next run at: 2026-06-14 12:02:06 CST)" (scheduled at 2026-06-14 11:57:06.653444+08:00)
2026-06-14 11:57:06,664 [INFO] apscheduler.executors.default: Job "CrawlScheduler._reload_config (trigger: interval[0:05:00], next run at: 2026-06-14 12:02:06 CST)" executed successfully
2026-06-14 12:02:06,669 [INFO] apscheduler.executors.default: Running job "CrawlScheduler._reload_config (trigger: interval[0:05:00], next run at: 2026-06-14 12:07:06 CST)" (scheduled at 2026-06-14 12:02:06.653444+08:00)
2026-06-14 12:02:06,673 [INFO] apscheduler.executors.default: Job "CrawlScheduler._reload_config (trigger: interval[0:05:00], next run at: 2026-06-14 12:07:06 CST)" executed successfully
2026-06-14 12:07:06,658 [INFO] apscheduler.executors.default: Running job "CrawlScheduler._reload_config (trigger: interval[0:05:00], next run at: 2026-06-14 12:12:06 CST)" (scheduled at 2026-06-14 12:07:06.653444+08:00)
2026-06-14 12:07:06,662 [INFO] apscheduler.executors.default: Job "CrawlScheduler._reload_config (trigger: interval[0:05:00], next run at: 2026-06-14 12:12:06 CST)" executed successfully
2026-06-14 12:12:06,655 [INFO] apscheduler.executors.default: Running job "CrawlScheduler._reload_config (trigger: interval[0:05:00], next run at: 2026-06-14 12:17:06 CST)" (scheduled at 2026-06-14 12:12:06.653444+08:00)
2026-06-14 12:12:06,659 [INFO] apscheduler.executors.default: Job "CrawlScheduler._reload_config (trigger: interval[0:05:00], next run at: 2026-06-14 12:17:06 CST)" executed successfully
2026-06-14 12:17:06,656 [INFO] apscheduler.executors.default: Running job "CrawlScheduler._reload_config (trigger: interval[0:05:00], next run at: 2026-06-14 12:22:06 CST)" (scheduled at 2026-06-14 12:17:06.653444+08:00)
2026-06-14 12:17:06,659 [INFO] apscheduler.executors.default: Job "CrawlScheduler._reload_config (trigger: interval[0:05:00], next run at: 2026-06-14 12:22:06 CST)" executed successfully
2026-06-14 12:22:06,659 [INFO] apscheduler.executors.default: Running job "CrawlScheduler._reload_config (trigger: interval[0:05:00], next run at: 2026-06-14 12:27:06 CST)" (scheduled at 2026-06-14 12:22:06.653444+08:00)
2026-06-14 12:22:06,662 [INFO] apscheduler.executors.default: Job "CrawlScheduler._reload_config (trigger: interval[0:05:00], next run at: 2026-06-14 12:27:06 CST)" executed successfully
2026-06-14 12:27:06,660 [INFO] apscheduler.executors.default: Running job "CrawlScheduler._reload_config (trigger: interval[0:05:00], next run at: 2026-06-14 12:32:06 CST)" (scheduled at 2026-06-14 12:27:06.653444+08:00)
2026-06-14 12:27:06,663 [INFO] apscheduler.executors.default: Job "CrawlScheduler._reload_config (trigger: interval[0:05:00], next run at: 2026-06-14 12:32:06 CST)" executed successfully
2026-06-14 12:32:06,668 [INFO] apscheduler.executors.default: Running job "CrawlScheduler._reload_config (trigger: interval[0:05:00], next run at: 2026-06-14 12:37:06 CST)" (scheduled at 2026-06-14 12:32:06.653444+08:00)
2026-06-14 12:32:06,705 [INFO] apscheduler.executors.default: Job "CrawlScheduler._reload_config (trigger: interval[0:05:00], next run at: 2026-06-14 12:37:06 CST)" executed successfully
2026-06-14 12:35:09,111 [INFO] dispatcher: ̉ÑÆô¶¯ task=12 site=qidian pid=28436
2026-06-14 12:35:14,204 [INFO] dispatcher: ̉ÑÆô¶¯ task=13 site=fanqie pid=31528
2026-06-14 12:35:19,294 [INFO] dispatcher: ̉ÑÆô¶¯ task=14 site=zongheng pid=24024
2026-06-14 12:37:06,661 [INFO] apscheduler.executors.default: Running job "CrawlScheduler._reload_config (trigger: interval[0:05:00], next run at: 2026-06-14 12:42:06 CST)" (scheduled at 2026-06-14 12:37:06.653444+08:00)
2026-06-14 12:37:06,664 [INFO] apscheduler.executors.default: Job "CrawlScheduler._reload_config (trigger: interval[0:05:00], next run at: 2026-06-14 12:42:06 CST)" executed successfully
2026-06-14 12:42:06,658 [INFO] apscheduler.executors.default: Running job "CrawlScheduler._reload_config (trigger: interval[0:05:00], next run at: 2026-06-14 12:47:06 CST)" (scheduled at 2026-06-14 12:42:06.653444+08:00)
2026-06-14 12:42:06,662 [INFO] apscheduler.executors.default: Job "CrawlScheduler._reload_config (trigger: interval[0:05:00], next run at: 2026-06-14 12:47:06 CST)" executed successfully
2026-06-14 12:47:06,658 [INFO] apscheduler.executors.default: Running job "CrawlScheduler._reload_config (trigger: interval[0:05:00], next run at: 2026-06-14 12:52:06 CST)" (scheduled at 2026-06-14 12:47:06.653444+08:00)
2026-06-14 12:47:06,661 [INFO] apscheduler.executors.default: Job "CrawlScheduler._reload_config (trigger: interval[0:05:00], next run at: 2026-06-14 12:52:06 CST)" executed successfully
2026-06-14 12:52:06,663 [INFO] apscheduler.executors.default: Running job "CrawlScheduler._reload_config (trigger: interval[0:05:00], next run at: 2026-06-14 12:57:06 CST)" (scheduled at 2026-06-14 12:52:06.653444+08:00)
2026-06-14 12:52:06,667 [INFO] apscheduler.executors.default: Job "CrawlScheduler._reload_config (trigger: interval[0:05:00], next run at: 2026-06-14 12:57:06 CST)" executed successfully
2026-06-14 12:57:06,667 [INFO] apscheduler.executors.default: Running job "CrawlScheduler._reload_config (trigger: interval[0:05:00], next run at: 2026-06-14 13:02:06 CST)" (scheduled at 2026-06-14 12:57:06.653444+08:00)
2026-06-14 12:57:06,670 [INFO] apscheduler.executors.default: Job "CrawlScheduler._reload_config (trigger: interval[0:05:00], next run at: 2026-06-14 13:02:06 CST)" executed successfully
2026-06-14 13:02:06,656 [INFO] apscheduler.executors.default: Running job "CrawlScheduler._reload_config (trigger: interval[0:05:00], next run at: 2026-06-14 13:07:06 CST)" (scheduled at 2026-06-14 13:02:06.653444+08:00)
2026-06-14 13:02:06,660 [INFO] apscheduler.executors.default: Job "CrawlScheduler._reload_config (trigger: interval[0:05:00], next run at: 2026-06-14 13:07:06 CST)" executed successfully
2026-06-14 13:07:06,663 [INFO] apscheduler.executors.default: Running job "CrawlScheduler._reload_config (trigger: interval[0:05:00], next run at: 2026-06-14 13:12:06 CST)" (scheduled at 2026-06-14 13:07:06.653444+08:00)
2026-06-14 13:07:06,667 [INFO] apscheduler.executors.default: Job "CrawlScheduler._reload_config (trigger: interval[0:05:00], next run at: 2026-06-14 13:12:06 CST)" executed successfully
2026-06-14 13:12:06,656 [INFO] apscheduler.executors.default: Running job "CrawlScheduler._reload_config (trigger: interval[0:05:00], next run at: 2026-06-14 13:17:06 CST)" (scheduled at 2026-06-14 13:12:06.653444+08:00)
2026-06-14 13:12:06,660 [INFO] apscheduler.executors.default: Job "CrawlScheduler._reload_config (trigger: interval[0:05:00], next run at: 2026-06-14 13:17:06 CST)" executed successfully
2026-06-14 13:17:06,663 [INFO] apscheduler.executors.default: Running job "CrawlScheduler._reload_config (trigger: interval[0:05:00], next run at: 2026-06-14 13:22:06 CST)" (scheduled at 2026-06-14 13:17:06.653444+08:00)
2026-06-14 13:17:06,666 [INFO] apscheduler.executors.default: Job "CrawlScheduler._reload_config (trigger: interval[0:05:00], next run at: 2026-06-14 13:22:06 CST)" executed successfully
2026-06-14 13:22:06,657 [INFO] apscheduler.executors.default: Running job "CrawlScheduler._reload_config (trigger: interval[0:05:00], next run at: 2026-06-14 13:27:06 CST)" (scheduled at 2026-06-14 13:22:06.653444+08:00)
2026-06-14 13:22:06,661 [INFO] apscheduler.executors.default: Job "CrawlScheduler._reload_config (trigger: interval[0:05:00], next run at: 2026-06-14 13:27:06 CST)" executed successfully
2026-06-14 13:27:06,656 [INFO] apscheduler.executors.default: Running job "CrawlScheduler._reload_config (trigger: interval[0:05:00], next run at: 2026-06-14 13:32:06 CST)" (scheduled at 2026-06-14 13:27:06.653444+08:00)
2026-06-14 13:27:06,659 [INFO] apscheduler.executors.default: Job "CrawlScheduler._reload_config (trigger: interval[0:05:00], next run at: 2026-06-14 13:32:06 CST)" executed successfully
2026-06-14 13:32:06,664 [INFO] apscheduler.executors.default: Running job "CrawlScheduler._reload_config (trigger: interval[0:05:00], next run at: 2026-06-14 13:37:06 CST)" (scheduled at 2026-06-14 13:32:06.653444+08:00)
2026-06-14 13:32:06,668 [INFO] apscheduler.executors.default: Job "CrawlScheduler._reload_config (trigger: interval[0:05:00], next run at: 2026-06-14 13:37:06 CST)" executed successfully
2026-06-14 13:37:06,664 [INFO] apscheduler.executors.default: Running job "CrawlScheduler._reload_config (trigger: interval[0:05:00], next run at: 2026-06-14 13:42:06 CST)" (scheduled at 2026-06-14 13:37:06.653444+08:00)
2026-06-14 13:37:06,720 [INFO] apscheduler.executors.default: Job "CrawlScheduler._reload_config (trigger: interval[0:05:00], next run at: 2026-06-14 13:42:06 CST)" executed successfully
2026-06-14 13:42:06,663 [INFO] apscheduler.executors.default: Running job "CrawlScheduler._reload_config (trigger: interval[0:05:00], next run at: 2026-06-14 13:47:06 CST)" (scheduled at 2026-06-14 13:42:06.653444+08:00)
2026-06-14 13:42:06,667 [INFO] apscheduler.executors.default: Job "CrawlScheduler._reload_config (trigger: interval[0:05:00], next run at: 2026-06-14 13:47:06 CST)" executed successfully
2026-06-14 13:47:06,655 [INFO] apscheduler.executors.default: Running job "CrawlScheduler._reload_config (trigger: interval[0:05:00], next run at: 2026-06-14 13:52:06 CST)" (scheduled at 2026-06-14 13:47:06.653444+08:00)
2026-06-14 13:47:06,658 [INFO] apscheduler.executors.default: Job "CrawlScheduler._reload_config (trigger: interval[0:05:00], next run at: 2026-06-14 13:52:06 CST)" executed successfully
2026-06-14 13:52:06,661 [INFO] apscheduler.executors.default: Running job "CrawlScheduler._reload_config (trigger: interval[0:05:00], next run at: 2026-06-14 13:57:06 CST)" (scheduled at 2026-06-14 13:52:06.653444+08:00)
2026-06-14 13:52:06,664 [INFO] apscheduler.executors.default: Job "CrawlScheduler._reload_config (trigger: interval[0:05:00], next run at: 2026-06-14 13:57:06 CST)" executed successfully
2026-06-14 13:57:06,662 [INFO] apscheduler.executors.default: Running job "CrawlScheduler._reload_config (trigger: interval[0:05:00], next run at: 2026-06-14 14:02:06 CST)" (scheduled at 2026-06-14 13:57:06.653444+08:00)
2026-06-14 13:57:06,666 [INFO] apscheduler.executors.default: Job "CrawlScheduler._reload_config (trigger: interval[0:05:00], next run at: 2026-06-14 14:02:06 CST)" executed successfully
2026-06-14 14:00:00,007 [INFO] apscheduler.executors.default: Running job "CrawlScheduler._trigger_scheduled (trigger: cron[hour='14', minute='0'], next run at: 2026-06-15 14:00:00 CST)" (scheduled at 2026-06-14 14:00:00+08:00)
2026-06-14 14:00:00,017 [INFO] scheduler: ̉ÑĐ´Èë¶¨Ê±ÈÎÎñ site=qidian type=daily
2026-06-14 14:00:00,034 [INFO] scheduler: ̉ÑĐ´Èë¶¨Ê±ÈÎÎñ site=qidian type=monthly
2026-06-14 14:00:00,041 [INFO] scheduler: ̉ÑĐ´Èë¶¨Ê±ÈÎÎñ site=qidian type=category
2026-06-14 14:00:00,046 [INFO] scheduler: ̉ÑĐ´Èë¶¨Ê±ÈÎÎñ site=fanqie type=daily
2026-06-14 14:00:00,051 [INFO] scheduler: ̉ÑĐ´Èë¶¨Ê±ÈÎÎñ site=fanqie type=monthly
2026-06-14 14:00:00,055 [INFO] scheduler: ̉ÑĐ´Èë¶¨Ê±ÈÎÎñ site=fanqie type=category
2026-06-14 14:00:00,060 [INFO] scheduler: ̉ÑĐ´Èë¶¨Ê±ÈÎÎñ site=zongheng type=daily
2026-06-14 14:00:00,069 [INFO] scheduler: ̉ÑĐ´Èë¶¨Ê±ÈÎÎñ site=zongheng type=monthly
2026-06-14 14:00:00,073 [INFO] scheduler: ̉ÑĐ´Èë¶¨Ê±ÈÎÎñ site=zongheng type=category
2026-06-14 14:00:00,086 [INFO] apscheduler.executors.default: Job "CrawlScheduler._trigger_scheduled (trigger: cron[hour='14', minute='0'], next run at: 2026-06-15 14:00:00 CST)" executed successfully
2026-06-14 14:00:04,301 [INFO] dispatcher: ̉ÑÆô¶¯ task=15 site=qidian pid=29376
2026-06-14 14:00:04,471 [INFO] dispatcher: ̉ÑÆô¶¯ task=16 site=qidian pid=26540
2026-06-14 14:00:14,712 [INFO] dispatcher: ̉ÑÆô¶¯ task=17 site=qidian pid=37004
2026-06-14 14:00:15,018 [INFO] dispatcher: ̉ÑÆô¶¯ task=18 site=fanqie pid=23348
2026-06-14 14:00:25,447 [INFO] dispatcher: ̉ÑÆô¶¯ task=19 site=fanqie pid=35072
2026-06-14 14:00:25,590 [INFO] dispatcher: ̉ÑÆô¶¯ task=20 site=fanqie pid=42536
2026-06-14 14:00:30,685 [INFO] dispatcher: ̉ÑÆô¶¯ task=21 site=zongheng pid=7492
2026-06-14 14:00:35,855 [INFO] dispatcher: ̉ÑÆô¶¯ task=22 site=zongheng pid=44340
2026-06-14 14:00:35,995 [INFO] dispatcher: ̉ÑÆô¶¯ task=23 site=zongheng pid=39356
2026-06-14 14:02:06,659 [INFO] apscheduler.executors.default: Running job "CrawlScheduler._reload_config (trigger: interval[0:05:00], next run at: 2026-06-14 14:07:06 CST)" (scheduled at 2026-06-14 14:02:06.653444+08:00)
2026-06-14 14:02:06,663 [INFO] apscheduler.executors.default: Job "CrawlScheduler._reload_config (trigger: interval[0:05:00], next run at: 2026-06-14 14:07:06 CST)" executed successfully
2026-06-14 14:07:06,658 [INFO] apscheduler.executors.default: Running job "CrawlScheduler._reload_config (trigger: interval[0:05:00], next run at: 2026-06-14 14:12:06 CST)" (scheduled at 2026-06-14 14:07:06.653444+08:00)
2026-06-14 14:07:06,662 [INFO] apscheduler.executors.default: Job "CrawlScheduler._reload_config (trigger: interval[0:05:00], next run at: 2026-06-14 14:12:06 CST)" executed successfully
